State 26 conflicts: 1 shift/reduce
State 31 conflicts: 1 shift/reduce


Grammar

    0 $accept: Program $end

    1 Program: ExtDefList

    2 ExtDefList: ExtDef ExtDefList
    3           | %empty

    4 ExtDef: Specifier ExtDecList SEMI
    5       | Specifier SEMI
    6       | Specifier FunDec CompSt
    7       | error SEMI

    8 ExtDecList: VarDec
    9           | VarDec COMMA ExtDecList

   10 Specifier: TYPE
   11          | StructSpecifier

   12 StructSpecifier: STRUCT OptTag LC DefList RC
   13                | STRUCT Tag

   14 OptTag: ID
   15       | %empty

   16 Tag: ID

   17 VarDec: ID
   18       | VarDec LB INT RB

   19 FunDec: ID LP VarList RP
   20       | ID LP RP

   21 VarList: ParamDec COMMA VarList
   22        | ParamDec

   23 ParamDec: Specifier VarDec

   24 CompSt: LC DefList StmtList RC
   25       | error RC

   26 StmtList: Stmt StmtList
   27         | %empty

   28 Stmt: Exp SEMI
   29     | CompSt
   30     | RETURN Exp SEMI
   31     | IF LP Exp RP Stmt
   32     | IF LP Exp RP Stmt ELSE Stmt
   33     | WHILE LP Exp RP Stmt
   34     | error SEMI

   35 DefList: Def DefList
   36        | %empty

   37 Def: Specifier DecList SEMI
   38    | error SEMI

   39 DecList: Dec
   40        | Dec COMMA DecList

   41 Dec: VarDec
   42    | VarDec ASSIGNOP Exp

   43 Exp: Exp ASSIGNOP Exp
   44    | Exp AND Exp
   45    | Exp OR Exp
   46    | Exp RELOP Exp
   47    | Exp PLUS Exp
   48    | Exp MINUS Exp
   49    | Exp STAR Exp
   50    | Exp DIV Exp
   51    | LP Exp RP
   52    | MINUS Exp
   53    | NOT Exp
   54    | ID LP Args RP
   55    | ID LP RP
   56    | Exp LB Exp RB
   57    | Exp DOT ID
   58    | ID
   59    | INT
   60    | FLOAT
   61    | error RP

   62 Args: Exp COMMA Args
   63     | Exp


Terminals, with rules where they appear

$end (0) 0
error (256) 7 25 34 38 61
LC (258) 12 24
RC (259) 12 24 25
COMMA (260) 9 21 40 62
SEMI (261) 4 5 7 28 30 34 37 38
STRUCT (262) 12 13
RETURN (263) 30
IF (264) 31 32
WHILE (265) 33
TYPE (266) 10
FLOAT (267) 60
INT (268) 18 59
ID (269) 14 16 17 19 20 54 55 57 58
LOWER_THAN_ELSE (270)
ELSE (271) 32
ASSIGNOP (272) 42 43
OR (273) 45
AND (274) 44
RELOP (275) 46
MINUS (276) 48 52
PLUS (277) 47
DIV (278) 50
STAR (279) 49
NOT (280) 53
DOT (281) 57
LB (282) 18 56
RB (283) 18 56
LP (284) 19 20 31 32 33 51 54 55
RP (285) 19 20 31 32 33 51 54 55 61


Nonterminals, with rules where they appear

$accept (31)
    on left: 0
Program (32)
    on left: 1, on right: 0
ExtDefList (33)
    on left: 2 3, on right: 1 2
ExtDef (34)
    on left: 4 5 6 7, on right: 2
ExtDecList (35)
    on left: 8 9, on right: 4 9
Specifier (36)
    on left: 10 11, on right: 4 5 6 23 37
StructSpecifier (37)
    on left: 12 13, on right: 11
OptTag (38)
    on left: 14 15, on right: 12
Tag (39)
    on left: 16, on right: 13
VarDec (40)
    on left: 17 18, on right: 8 9 18 23 41 42
FunDec (41)
    on left: 19 20, on right: 6
VarList (42)
    on left: 21 22, on right: 19 21
ParamDec (43)
    on left: 23, on right: 21 22
CompSt (44)
    on left: 24 25, on right: 6 29
StmtList (45)
    on left: 26 27, on right: 24 26
Stmt (46)
    on left: 28 29 30 31 32 33 34, on right: 26 31 32 33
DefList (47)
    on left: 35 36, on right: 12 24 35
Def (48)
    on left: 37 38, on right: 35
DecList (49)
    on left: 39 40, on right: 37 40
Dec (50)
    on left: 41 42, on right: 39 40
Exp (51)
    on left: 43 44 45 46 47 48 49 50 51 52 53 54 55 56 57 58 59 60
    61, on right: 28 30 31 32 33 42 43 44 45 46 47 48 49 50 51 52 53
    56 57 62 63
Args (52)
    on left: 62 63, on right: 54 62


State 0

    0 $accept: . Program $end

    error   shift, and go to state 1
    STRUCT  shift, and go to state 2
    TYPE    shift, and go to state 3

    $end  reduce using rule 3 (ExtDefList)

    Program          go to state 4
    ExtDefList       go to state 5
    ExtDef           go to state 6
    Specifier        go to state 7
    StructSpecifier  go to state 8


State 1

    7 ExtDef: error . SEMI

    SEMI  shift, and go to state 9


State 2

   12 StructSpecifier: STRUCT . OptTag LC DefList RC
   13                | STRUCT . Tag

    ID  shift, and go to state 10

    $default  reduce using rule 15 (OptTag)

    OptTag  go to state 11
    Tag     go to state 12


State 3

   10 Specifier: TYPE .

    $default  reduce using rule 10 (Specifier)


State 4

    0 $accept: Program . $end

    $end  shift, and go to state 13


State 5

    1 Program: ExtDefList .

    $default  reduce using rule 1 (Program)


State 6

    2 ExtDefList: ExtDef . ExtDefList

    error   shift, and go to state 1
    STRUCT  shift, and go to state 2
    TYPE    shift, and go to state 3

    $end  reduce using rule 3 (ExtDefList)

    ExtDefList       go to state 14
    ExtDef           go to state 6
    Specifier        go to state 7
    StructSpecifier  go to state 8


State 7

    4 ExtDef: Specifier . ExtDecList SEMI
    5       | Specifier . SEMI
    6       | Specifier . FunDec CompSt

    SEMI  shift, and go to state 15
    ID    shift, and go to state 16

    ExtDecList  go to state 17
    VarDec      go to state 18
    FunDec      go to state 19


State 8

   11 Specifier: StructSpecifier .

    $default  reduce using rule 11 (Specifier)


State 9

    7 ExtDef: error SEMI .

    $default  reduce using rule 7 (ExtDef)


State 10

   14 OptTag: ID .
   16 Tag: ID .

    LC        reduce using rule 14 (OptTag)
    $default  reduce using rule 16 (Tag)


State 11

   12 StructSpecifier: STRUCT OptTag . LC DefList RC

    LC  shift, and go to state 20


State 12

   13 StructSpecifier: STRUCT Tag .

    $default  reduce using rule 13 (StructSpecifier)


State 13

    0 $accept: Program $end .

    $default  accept


State 14

    2 ExtDefList: ExtDef ExtDefList .

    $default  reduce using rule 2 (ExtDefList)


State 15

    5 ExtDef: Specifier SEMI .

    $default  reduce using rule 5 (ExtDef)


State 16

   17 VarDec: ID .
   19 FunDec: ID . LP VarList RP
   20       | ID . LP RP

    LP  shift, and go to state 21

    $default  reduce using rule 17 (VarDec)


State 17

    4 ExtDef: Specifier ExtDecList . SEMI

    SEMI  shift, and go to state 22


State 18

    8 ExtDecList: VarDec .
    9           | VarDec . COMMA ExtDecList
   18 VarDec: VarDec . LB INT RB

    COMMA  shift, and go to state 23
    LB     shift, and go to state 24

    $default  reduce using rule 8 (ExtDecList)


State 19

    6 ExtDef: Specifier FunDec . CompSt

    error  shift, and go to state 25
    LC     shift, and go to state 26

    CompSt  go to state 27


State 20

   12 StructSpecifier: STRUCT OptTag LC . DefList RC

    error   shift, and go to state 28
    STRUCT  shift, and go to state 2
    TYPE    shift, and go to state 3

    RC  reduce using rule 36 (DefList)

    Specifier        go to state 29
    StructSpecifier  go to state 8
    DefList          go to state 30
    Def              go to state 31


State 21

   19 FunDec: ID LP . VarList RP
   20       | ID LP . RP

    STRUCT  shift, and go to state 2
    TYPE    shift, and go to state 3
    RP      shift, and go to state 32

    Specifier        go to state 33
    StructSpecifier  go to state 8
    VarList          go to state 34
    ParamDec         go to state 35


State 22

    4 ExtDef: Specifier ExtDecList SEMI .

    $default  reduce using rule 4 (ExtDef)


State 23

    9 ExtDecList: VarDec COMMA . ExtDecList

    ID  shift, and go to state 36

    ExtDecList  go to state 37
    VarDec      go to state 18


State 24

   18 VarDec: VarDec LB . INT RB

    INT  shift, and go to state 38


State 25

   25 CompSt: error . RC

    RC  shift, and go to state 39


State 26

   24 CompSt: LC . DefList StmtList RC

    error   shift, and go to state 28
    STRUCT  shift, and go to state 2
    TYPE    shift, and go to state 3

    error   [reduce using rule 36 (DefList)]
    LC      reduce using rule 36 (DefList)
    RC      reduce using rule 36 (DefList)
    RETURN  reduce using rule 36 (DefList)
    IF      reduce using rule 36 (DefList)
    WHILE   reduce using rule 36 (DefList)
    FLOAT   reduce using rule 36 (DefList)
    INT     reduce using rule 36 (DefList)
    ID      reduce using rule 36 (DefList)
    MINUS   reduce using rule 36 (DefList)
    NOT     reduce using rule 36 (DefList)
    LP      reduce using rule 36 (DefList)

    Specifier        go to state 29
    StructSpecifier  go to state 8
    DefList          go to state 40
    Def              go to state 31


State 27

    6 ExtDef: Specifier FunDec CompSt .

    $default  reduce using rule 6 (ExtDef)


State 28

   38 Def: error . SEMI

    SEMI  shift, and go to state 41


State 29

   37 Def: Specifier . DecList SEMI

    ID  shift, and go to state 36

    VarDec   go to state 42
    DecList  go to state 43
    Dec      go to state 44


State 30

   12 StructSpecifier: STRUCT OptTag LC DefList . RC

    RC  shift, and go to state 45


State 31

   35 DefList: Def . DefList

    error   shift, and go to state 28
    STRUCT  shift, and go to state 2
    TYPE    shift, and go to state 3

    error   [reduce using rule 36 (DefList)]
    LC      reduce using rule 36 (DefList)
    RC      reduce using rule 36 (DefList)
    RETURN  reduce using rule 36 (DefList)
    IF      reduce using rule 36 (DefList)
    WHILE   reduce using rule 36 (DefList)
    FLOAT   reduce using rule 36 (DefList)
    INT     reduce using rule 36 (DefList)
    ID      reduce using rule 36 (DefList)
    MINUS   reduce using rule 36 (DefList)
    NOT     reduce using rule 36 (DefList)
    LP      reduce using rule 36 (DefList)

    Specifier        go to state 29
    StructSpecifier  go to state 8
    DefList          go to state 46
    Def              go to state 31


State 32

   20 FunDec: ID LP RP .

    $default  reduce using rule 20 (FunDec)


State 33

   23 ParamDec: Specifier . VarDec

    ID  shift, and go to state 36

    VarDec  go to state 47


State 34

   19 FunDec: ID LP VarList . RP

    RP  shift, and go to state 48


State 35

   21 VarList: ParamDec . COMMA VarList
   22        | ParamDec .

    COMMA  shift, and go to state 49

    $default  reduce using rule 22 (VarList)


State 36

   17 VarDec: ID .

    $default  reduce using rule 17 (VarDec)


State 37

    9 ExtDecList: VarDec COMMA ExtDecList .

    $default  reduce using rule 9 (ExtDecList)


State 38

   18 VarDec: VarDec LB INT . RB

    RB  shift, and go to state 50


State 39

   25 CompSt: error RC .

    $default  reduce using rule 25 (CompSt)


State 40

   24 CompSt: LC DefList . StmtList RC

    error   shift, and go to state 51
    LC      shift, and go to state 26
    RETURN  shift, and go to state 52
    IF      shift, and go to state 53
    WHILE   shift, and go to state 54
    FLOAT   shift, and go to state 55
    INT     shift, and go to state 56
    ID      shift, and go to state 57
    MINUS   shift, and go to state 58
    NOT     shift, and go to state 59
    LP      shift, and go to state 60

    RC  reduce using rule 27 (StmtList)

    CompSt    go to state 61
    StmtList  go to state 62
    Stmt      go to state 63
    Exp       go to state 64


State 41

   38 Def: error SEMI .

    $default  reduce using rule 38 (Def)


State 42

   18 VarDec: VarDec . LB INT RB
   41 Dec: VarDec .
   42    | VarDec . ASSIGNOP Exp

    ASSIGNOP  shift, and go to state 65
    LB        shift, and go to state 24

    $default  reduce using rule 41 (Dec)


State 43

   37 Def: Specifier DecList . SEMI

    SEMI  shift, and go to state 66


State 44

   39 DecList: Dec .
   40        | Dec . COMMA DecList

    COMMA  shift, and go to state 67

    $default  reduce using rule 39 (DecList)


State 45

   12 StructSpecifier: STRUCT OptTag LC DefList RC .

    $default  reduce using rule 12 (StructSpecifier)


State 46

   35 DefList: Def DefList .

    $default  reduce using rule 35 (DefList)


State 47

   18 VarDec: VarDec . LB INT RB
   23 ParamDec: Specifier VarDec .

    LB  shift, and go to state 24

    $default  reduce using rule 23 (ParamDec)


State 48

   19 FunDec: ID LP VarList RP .

    $default  reduce using rule 19 (FunDec)


State 49

   21 VarList: ParamDec COMMA . VarList

    STRUCT  shift, and go to state 2
    TYPE    shift, and go to state 3

    Specifier        go to state 33
    StructSpecifier  go to state 8
    VarList          go to state 68
    ParamDec         go to state 35


State 50

   18 VarDec: VarDec LB INT RB .

    $default  reduce using rule 18 (VarDec)


State 51

   25 CompSt: error . RC
   34 Stmt: error . SEMI
   61 Exp: error . RP

    RC    shift, and go to state 39
    SEMI  shift, and go to state 69
    RP    shift, and go to state 70


State 52

   30 Stmt: RETURN . Exp SEMI

    error  shift, and go to state 71
    FLOAT  shift, and go to state 55
    INT    shift, and go to state 56
    ID     shift, and go to state 57
    MINUS  shift, and go to state 58
    NOT    shift, and go to state 59
    LP     shift, and go to state 60

    Exp  go to state 72


State 53

   31 Stmt: IF . LP Exp RP Stmt
   32     | IF . LP Exp RP Stmt ELSE Stmt

    LP  shift, and go to state 73


State 54

   33 Stmt: WHILE . LP Exp RP Stmt

    LP  shift, and go to state 74


State 55

   60 Exp: FLOAT .

    $default  reduce using rule 60 (Exp)


State 56

   59 Exp: INT .

    $default  reduce using rule 59 (Exp)


State 57

   54 Exp: ID . LP Args RP
   55    | ID . LP RP
   58    | ID .

    LP  shift, and go to state 75

    $default  reduce using rule 58 (Exp)


State 58

   52 Exp: MINUS . Exp

    error  shift, and go to state 71
    FLOAT  shift, and go to state 55
    INT    shift, and go to state 56
    ID     shift, and go to state 57
    MINUS  shift, and go to state 58
    NOT    shift, and go to state 59
    LP     shift, and go to state 60

    Exp  go to state 76


State 59

   53 Exp: NOT . Exp

    error  shift, and go to state 71
    FLOAT  shift, and go to state 55
    INT    shift, and go to state 56
    ID     shift, and go to state 57
    MINUS  shift, and go to state 58
    NOT    shift, and go to state 59
    LP     shift, and go to state 60

    Exp  go to state 77


State 60

   51 Exp: LP . Exp RP

    error  shift, and go to state 71
    FLOAT  shift, and go to state 55
    INT    shift, and go to state 56
    ID     shift, and go to state 57
    MINUS  shift, and go to state 58
    NOT    shift, and go to state 59
    LP     shift, and go to state 60

    Exp  go to state 78


State 61

   29 Stmt: CompSt .

    $default  reduce using rule 29 (Stmt)


State 62

   24 CompSt: LC DefList StmtList . RC

    RC  shift, and go to state 79


State 63

   26 StmtList: Stmt . StmtList

    error   shift, and go to state 51
    LC      shift, and go to state 26
    RETURN  shift, and go to state 52
    IF      shift, and go to state 53
    WHILE   shift, and go to state 54
    FLOAT   shift, and go to state 55
    INT     shift, and go to state 56
    ID      shift, and go to state 57
    MINUS   shift, and go to state 58
    NOT     shift, and go to state 59
    LP      shift, and go to state 60

    RC  reduce using rule 27 (StmtList)

    CompSt    go to state 61
    StmtList  go to state 80
    Stmt      go to state 63
    Exp       go to state 64


State 64

   28 Stmt: Exp . SEMI
   43 Exp: Exp . ASSIGNOP Exp
   44    | Exp . AND Exp
   45    | Exp . OR Exp
   46    | Exp . RELOP Exp
   47    | Exp . PLUS Exp
   48    | Exp . MINUS Exp
   49    | Exp . STAR Exp
   50    | Exp . DIV Exp
   56    | Exp . LB Exp RB
   57    | Exp . DOT ID

    SEMI      shift, and go to state 81
    ASSIGNOP  shift, and go to state 82
    OR        shift, and go to state 83
    AND       shift, and go to state 84
    RELOP     shift, and go to state 85
    MINUS     shift, and go to state 86
    PLUS      shift, and go to state 87
    DIV       shift, and go to state 88
    STAR      shift, and go to state 89
    DOT       shift, and go to state 90
    LB        shift, and go to state 91


State 65

   42 Dec: VarDec ASSIGNOP . Exp

    error  shift, and go to state 71
    FLOAT  shift, and go to state 55
    INT    shift, and go to state 56
    ID     shift, and go to state 57
    MINUS  shift, and go to state 58
    NOT    shift, and go to state 59
    LP     shift, and go to state 60

    Exp  go to state 92


State 66

   37 Def: Specifier DecList SEMI .

    $default  reduce using rule 37 (Def)


State 67

   40 DecList: Dec COMMA . DecList

    ID  shift, and go to state 36

    VarDec   go to state 42
    DecList  go to state 93
    Dec      go to state 44


State 68

   21 VarList: ParamDec COMMA VarList .

    $default  reduce using rule 21 (VarList)


State 69

   34 Stmt: error SEMI .

    $default  reduce using rule 34 (Stmt)


State 70

   61 Exp: error RP .

    $default  reduce using rule 61 (Exp)


State 71

   61 Exp: error . RP

    RP  shift, and go to state 70


State 72

   30 Stmt: RETURN Exp . SEMI
   43 Exp: Exp . ASSIGNOP Exp
   44    | Exp . AND Exp
   45    | Exp . OR Exp
   46    | Exp . RELOP Exp
   47    | Exp . PLUS Exp
   48    | Exp . MINUS Exp
   49    | Exp . STAR Exp
   50    | Exp . DIV Exp
   56    | Exp . LB Exp RB
   57    | Exp . DOT ID

    SEMI      shift, and go to state 94
    ASSIGNOP  shift, and go to state 82
    OR        shift, and go to state 83
    AND       shift, and go to state 84
    RELOP     shift, and go to state 85
    MINUS     shift, and go to state 86
    PLUS      shift, and go to state 87
    DIV       shift, and go to state 88
    STAR      shift, and go to state 89
    DOT       shift, and go to state 90
    LB        shift, and go to state 91


State 73

   31 Stmt: IF LP . Exp RP Stmt
   32     | IF LP . Exp RP Stmt ELSE Stmt

    error  shift, and go to state 71
    FLOAT  shift, and go to state 55
    INT    shift, and go to state 56
    ID     shift, and go to state 57
    MINUS  shift, and go to state 58
    NOT    shift, and go to state 59
    LP     shift, and go to state 60

    Exp  go to state 95


State 74

   33 Stmt: WHILE LP . Exp RP Stmt

    error  shift, and go to state 71
    FLOAT  shift, and go to state 55
    INT    shift, and go to state 56
    ID     shift, and go to state 57
    MINUS  shift, and go to state 58
    NOT    shift, and go to state 59
    LP     shift, and go to state 60

    Exp  go to state 96


State 75

   54 Exp: ID LP . Args RP
   55    | ID LP . RP

    error  shift, and go to state 71
    FLOAT  shift, and go to state 55
    INT    shift, and go to state 56
    ID     shift, and go to state 57
    MINUS  shift, and go to state 58
    NOT    shift, and go to state 59
    LP     shift, and go to state 60
    RP     shift, and go to state 97

    Exp   go to state 98
    Args  go to state 99


State 76

   43 Exp: Exp . ASSIGNOP Exp
   44    | Exp . AND Exp
   45    | Exp . OR Exp
   46    | Exp . RELOP Exp
   47    | Exp . PLUS Exp
   48    | Exp . MINUS Exp
   49    | Exp . STAR Exp
   50    | Exp . DIV Exp
   52    | MINUS Exp .
   56    | Exp . LB Exp RB
   57    | Exp . DOT ID

    DIV   shift, and go to state 88
    STAR  shift, and go to state 89
    DOT   shift, and go to state 90
    LB    shift, and go to state 91

    $default  reduce using rule 52 (Exp)


State 77

   43 Exp: Exp . ASSIGNOP Exp
   44    | Exp . AND Exp
   45    | Exp . OR Exp
   46    | Exp . RELOP Exp
   47    | Exp . PLUS Exp
   48    | Exp . MINUS Exp
   49    | Exp . STAR Exp
   50    | Exp . DIV Exp
   53    | NOT Exp .
   56    | Exp . LB Exp RB
   57    | Exp . DOT ID

    DOT  shift, and go to state 90
    LB   shift, and go to state 91

    $default  reduce using rule 53 (Exp)


State 78

   43 Exp: Exp . ASSIGNOP Exp
   44    | Exp . AND Exp
   45    | Exp . OR Exp
   46    | Exp . RELOP Exp
   47    | Exp . PLUS Exp
   48    | Exp . MINUS Exp
   49    | Exp . STAR Exp
   50    | Exp . DIV Exp
   51    | LP Exp . RP
   56    | Exp . LB Exp RB
   57    | Exp . DOT ID

    ASSIGNOP  shift, and go to state 82
    OR        shift, and go to state 83
    AND       shift, and go to state 84
    RELOP     shift, and go to state 85
    MINUS     shift, and go to state 86
    PLUS      shift, and go to state 87
    DIV       shift, and go to state 88
    STAR      shift, and go to state 89
    DOT       shift, and go to state 90
    LB        shift, and go to state 91
    RP        shift, and go to state 100


State 79

   24 CompSt: LC DefList StmtList RC .

    $default  reduce using rule 24 (CompSt)


State 80

   26 StmtList: Stmt StmtList .

    $default  reduce using rule 26 (StmtList)


State 81

   28 Stmt: Exp SEMI .

    $default  reduce using rule 28 (Stmt)


State 82

   43 Exp: Exp ASSIGNOP . Exp

    error  shift, and go to state 71
    FLOAT  shift, and go to state 55
    INT    shift, and go to state 56
    ID     shift, and go to state 57
    MINUS  shift, and go to state 58
    NOT    shift, and go to state 59
    LP     shift, and go to state 60

    Exp  go to state 101


State 83

   45 Exp: Exp OR . Exp

    error  shift, and go to state 71
    FLOAT  shift, and go to state 55
    INT    shift, and go to state 56
    ID     shift, and go to state 57
    MINUS  shift, and go to state 58
    NOT    shift, and go to state 59
    LP     shift, and go to state 60

    Exp  go to state 102


State 84

   44 Exp: Exp AND . Exp

    error  shift, and go to state 71
    FLOAT  shift, and go to state 55
    INT    shift, and go to state 56
    ID     shift, and go to state 57
    MINUS  shift, and go to state 58
    NOT    shift, and go to state 59
    LP     shift, and go to state 60

    Exp  go to state 103


State 85

   46 Exp: Exp RELOP . Exp

    error  shift, and go to state 71
    FLOAT  shift, and go to state 55
    INT    shift, and go to state 56
    ID     shift, and go to state 57
    MINUS  shift, and go to state 58
    NOT    shift, and go to state 59
    LP     shift, and go to state 60

    Exp  go to state 104


State 86

   48 Exp: Exp MINUS . Exp

    error  shift, and go to state 71
    FLOAT  shift, and go to state 55
    INT    shift, and go to state 56
    ID     shift, and go to state 57
    MINUS  shift, and go to state 58
    NOT    shift, and go to state 59
    LP     shift, and go to state 60

    Exp  go to state 105


State 87

   47 Exp: Exp PLUS . Exp

    error  shift, and go to state 71
    FLOAT  shift, and go to state 55
    INT    shift, and go to state 56
    ID     shift, and go to state 57
    MINUS  shift, and go to state 58
    NOT    shift, and go to state 59
    LP     shift, and go to state 60

    Exp  go to state 106


State 88

   50 Exp: Exp DIV . Exp

    error  shift, and go to state 71
    FLOAT  shift, and go to state 55
    INT    shift, and go to state 56
    ID     shift, and go to state 57
    MINUS  shift, and go to state 58
    NOT    shift, and go to state 59
    LP     shift, and go to state 60

    Exp  go to state 107


State 89

   49 Exp: Exp STAR . Exp

    error  shift, and go to state 71
    FLOAT  shift, and go to state 55
    INT    shift, and go to state 56
    ID     shift, and go to state 57
    MINUS  shift, and go to state 58
    NOT    shift, and go to state 59
    LP     shift, and go to state 60

    Exp  go to state 108


State 90

   57 Exp: Exp DOT . ID

    ID  shift, and go to state 109


State 91

   56 Exp: Exp LB . Exp RB

    error  shift, and go to state 71
    FLOAT  shift, and go to state 55
    INT    shift, and go to state 56
    ID     shift, and go to state 57
    MINUS  shift, and go to state 58
    NOT    shift, and go to state 59
    LP     shift, and go to state 60

    Exp  go to state 110


State 92

   42 Dec: VarDec ASSIGNOP Exp .
   43 Exp: Exp . ASSIGNOP Exp
   44    | Exp . AND Exp
   45    | Exp . OR Exp
   46    | Exp . RELOP Exp
   47    | Exp . PLUS Exp
   48    | Exp . MINUS Exp
   49    | Exp . STAR Exp
   50    | Exp . DIV Exp
   56    | Exp . LB Exp RB
   57    | Exp . DOT ID

    ASSIGNOP  shift, and go to state 82
    OR        shift, and go to state 83
    AND       shift, and go to state 84
    RELOP     shift, and go to state 85
    MINUS     shift, and go to state 86
    PLUS      shift, and go to state 87
    DIV       shift, and go to state 88
    STAR      shift, and go to state 89
    DOT       shift, and go to state 90
    LB        shift, and go to state 91

    $default  reduce using rule 42 (Dec)


State 93

   40 DecList: Dec COMMA DecList .

    $default  reduce using rule 40 (DecList)


State 94

   30 Stmt: RETURN Exp SEMI .

    $default  reduce using rule 30 (Stmt)


State 95

   31 Stmt: IF LP Exp . RP Stmt
   32     | IF LP Exp . RP Stmt ELSE Stmt
   43 Exp: Exp . ASSIGNOP Exp
   44    | Exp . AND Exp
   45    | Exp . OR Exp
   46    | Exp . RELOP Exp
   47    | Exp . PLUS Exp
   48    | Exp . MINUS Exp
   49    | Exp . STAR Exp
   50    | Exp . DIV Exp
   56    | Exp . LB Exp RB
   57    | Exp . DOT ID

    ASSIGNOP  shift, and go to state 82
    OR        shift, and go to state 83
    AND       shift, and go to state 84
    RELOP     shift, and go to state 85
    MINUS     shift, and go to state 86
    PLUS      shift, and go to state 87
    DIV       shift, and go to state 88
    STAR      shift, and go to state 89
    DOT       shift, and go to state 90
    LB        shift, and go to state 91
    RP        shift, and go to state 111


State 96

   33 Stmt: WHILE LP Exp . RP Stmt
   43 Exp: Exp . ASSIGNOP Exp
   44    | Exp . AND Exp
   45    | Exp . OR Exp
   46    | Exp . RELOP Exp
   47    | Exp . PLUS Exp
   48    | Exp . MINUS Exp
   49    | Exp . STAR Exp
   50    | Exp . DIV Exp
   56    | Exp . LB Exp RB
   57    | Exp . DOT ID

    ASSIGNOP  shift, and go to state 82
    OR        shift, and go to state 83
    AND       shift, and go to state 84
    RELOP     shift, and go to state 85
    MINUS     shift, and go to state 86
    PLUS      shift, and go to state 87
    DIV       shift, and go to state 88
    STAR      shift, and go to state 89
    DOT       shift, and go to state 90
    LB        shift, and go to state 91
    RP        shift, and go to state 112


State 97

   55 Exp: ID LP RP .

    $default  reduce using rule 55 (Exp)


State 98

   43 Exp: Exp . ASSIGNOP Exp
   44    | Exp . AND Exp
   45    | Exp . OR Exp
   46    | Exp . RELOP Exp
   47    | Exp . PLUS Exp
   48    | Exp . MINUS Exp
   49    | Exp . STAR Exp
   50    | Exp . DIV Exp
   56    | Exp . LB Exp RB
   57    | Exp . DOT ID
   62 Args: Exp . COMMA Args
   63     | Exp .

    COMMA     shift, and go to state 113
    ASSIGNOP  shift, and go to state 82
    OR        shift, and go to state 83
    AND       shift, and go to state 84
    RELOP     shift, and go to state 85
    MINUS     shift, and go to state 86
    PLUS      shift, and go to state 87
    DIV       shift, and go to state 88
    STAR      shift, and go to state 89
    DOT       shift, and go to state 90
    LB        shift, and go to state 91

    $default  reduce using rule 63 (Args)


State 99

   54 Exp: ID LP Args . RP

    RP  shift, and go to state 114


State 100

   51 Exp: LP Exp RP .

    $default  reduce using rule 51 (Exp)


State 101

   43 Exp: Exp . ASSIGNOP Exp
   43    | Exp ASSIGNOP Exp .
   44    | Exp . AND Exp
   45    | Exp . OR Exp
   46    | Exp . RELOP Exp
   47    | Exp . PLUS Exp
   48    | Exp . MINUS Exp
   49    | Exp . STAR Exp
   50    | Exp . DIV Exp
   56    | Exp . LB Exp RB
   57    | Exp . DOT ID

    ASSIGNOP  shift, and go to state 82
    OR        shift, and go to state 83
    AND       shift, and go to state 84
    RELOP     shift, and go to state 85
    MINUS     shift, and go to state 86
    PLUS      shift, and go to state 87
    DIV       shift, and go to state 88
    STAR      shift, and go to state 89
    DOT       shift, and go to state 90
    LB        shift, and go to state 91

    $default  reduce using rule 43 (Exp)


State 102

   43 Exp: Exp . ASSIGNOP Exp
   44    | Exp . AND Exp
   45    | Exp . OR Exp
   45    | Exp OR Exp .
   46    | Exp . RELOP Exp
   47    | Exp . PLUS Exp
   48    | Exp . MINUS Exp
   49    | Exp . STAR Exp
   50    | Exp . DIV Exp
   56    | Exp . LB Exp RB
   57    | Exp . DOT ID

    AND    shift, and go to state 84
    RELOP  shift, and go to state 85
    MINUS  shift, and go to state 86
    PLUS   shift, and go to state 87
    DIV    shift, and go to state 88
    STAR   shift, and go to state 89
    DOT    shift, and go to state 90
    LB     shift, and go to state 91

    $default  reduce using rule 45 (Exp)


State 103

   43 Exp: Exp . ASSIGNOP Exp
   44    | Exp . AND Exp
   44    | Exp AND Exp .
   45    | Exp . OR Exp
   46    | Exp . RELOP Exp
   47    | Exp . PLUS Exp
   48    | Exp . MINUS Exp
   49    | Exp . STAR Exp
   50    | Exp . DIV Exp
   56    | Exp . LB Exp RB
   57    | Exp . DOT ID

    RELOP  shift, and go to state 85
    MINUS  shift, and go to state 86
    PLUS   shift, and go to state 87
    DIV    shift, and go to state 88
    STAR   shift, and go to state 89
    DOT    shift, and go to state 90
    LB     shift, and go to state 91

    $default  reduce using rule 44 (Exp)


State 104

   43 Exp: Exp . ASSIGNOP Exp
   44    | Exp . AND Exp
   45    | Exp . OR Exp
   46    | Exp . RELOP Exp
   46    | Exp RELOP Exp .
   47    | Exp . PLUS Exp
   48    | Exp . MINUS Exp
   49    | Exp . STAR Exp
   50    | Exp . DIV Exp
   56    | Exp . LB Exp RB
   57    | Exp . DOT ID

    MINUS  shift, and go to state 86
    PLUS   shift, and go to state 87
    DIV    shift, and go to state 88
    STAR   shift, and go to state 89
    DOT    shift, and go to state 90
    LB     shift, and go to state 91

    $default  reduce using rule 46 (Exp)


State 105

   43 Exp: Exp . ASSIGNOP Exp
   44    | Exp . AND Exp
   45    | Exp . OR Exp
   46    | Exp . RELOP Exp
   47    | Exp . PLUS Exp
   48    | Exp . MINUS Exp
   48    | Exp MINUS Exp .
   49    | Exp . STAR Exp
   50    | Exp . DIV Exp
   56    | Exp . LB Exp RB
   57    | Exp . DOT ID

    DIV   shift, and go to state 88
    STAR  shift, and go to state 89
    DOT   shift, and go to state 90
    LB    shift, and go to state 91

    $default  reduce using rule 48 (Exp)


State 106

   43 Exp: Exp . ASSIGNOP Exp
   44    | Exp . AND Exp
   45    | Exp . OR Exp
   46    | Exp . RELOP Exp
   47    | Exp . PLUS Exp
   47    | Exp PLUS Exp .
   48    | Exp . MINUS Exp
   49    | Exp . STAR Exp
   50    | Exp . DIV Exp
   56    | Exp . LB Exp RB
   57    | Exp . DOT ID

    DIV   shift, and go to state 88
    STAR  shift, and go to state 89
    DOT   shift, and go to state 90
    LB    shift, and go to state 91

    $default  reduce using rule 47 (Exp)


State 107

   43 Exp: Exp . ASSIGNOP Exp
   44    | Exp . AND Exp
   45    | Exp . OR Exp
   46    | Exp . RELOP Exp
   47    | Exp . PLUS Exp
   48    | Exp . MINUS Exp
   49    | Exp . STAR Exp
   50    | Exp . DIV Exp
   50    | Exp DIV Exp .
   56    | Exp . LB Exp RB
   57    | Exp . DOT ID

    DOT  shift, and go to state 90
    LB   shift, and go to state 91

    $default  reduce using rule 50 (Exp)


State 108

   43 Exp: Exp . ASSIGNOP Exp
   44    | Exp . AND Exp
   45    | Exp . OR Exp
   46    | Exp . RELOP Exp
   47    | Exp . PLUS Exp
   48    | Exp . MINUS Exp
   49    | Exp . STAR Exp
   49    | Exp STAR Exp .
   50    | Exp . DIV Exp
   56    | Exp . LB Exp RB
   57    | Exp . DOT ID

    DOT  shift, and go to state 90
    LB   shift, and go to state 91

    $default  reduce using rule 49 (Exp)


State 109

   57 Exp: Exp DOT ID .

    $default  reduce using rule 57 (Exp)


State 110

   43 Exp: Exp . ASSIGNOP Exp
   44    | Exp . AND Exp
   45    | Exp . OR Exp
   46    | Exp . RELOP Exp
   47    | Exp . PLUS Exp
   48    | Exp . MINUS Exp
   49    | Exp . STAR Exp
   50    | Exp . DIV Exp
   56    | Exp . LB Exp RB
   56    | Exp LB Exp . RB
   57    | Exp . DOT ID

    ASSIGNOP  shift, and go to state 82
    OR        shift, and go to state 83
    AND       shift, and go to state 84
    RELOP     shift, and go to state 85
    MINUS     shift, and go to state 86
    PLUS      shift, and go to state 87
    DIV       shift, and go to state 88
    STAR      shift, and go to state 89
    DOT       shift, and go to state 90
    LB        shift, and go to state 91
    RB        shift, and go to state 115


State 111

   31 Stmt: IF LP Exp RP . Stmt
   32     | IF LP Exp RP . Stmt ELSE Stmt

    error   shift, and go to state 51
    LC      shift, and go to state 26
    RETURN  shift, and go to state 52
    IF      shift, and go to state 53
    WHILE   shift, and go to state 54
    FLOAT   shift, and go to state 55
    INT     shift, and go to state 56
    ID      shift, and go to state 57
    MINUS   shift, and go to state 58
    NOT     shift, and go to state 59
    LP      shift, and go to state 60

    CompSt  go to state 61
    Stmt    go to state 116
    Exp     go to state 64


State 112

   33 Stmt: WHILE LP Exp RP . Stmt

    error   shift, and go to state 51
    LC      shift, and go to state 26
    RETURN  shift, and go to state 52
    IF      shift, and go to state 53
    WHILE   shift, and go to state 54
    FLOAT   shift, and go to state 55
    INT     shift, and go to state 56
    ID      shift, and go to state 57
    MINUS   shift, and go to state 58
    NOT     shift, and go to state 59
    LP      shift, and go to state 60

    CompSt  go to state 61
    Stmt    go to state 117
    Exp     go to state 64


State 113

   62 Args: Exp COMMA . Args

    error  shift, and go to state 71
    FLOAT  shift, and go to state 55
    INT    shift, and go to state 56
    ID     shift, and go to state 57
    MINUS  shift, and go to state 58
    NOT    shift, and go to state 59
    LP     shift, and go to state 60

    Exp   go to state 98
    Args  go to state 118


State 114

   54 Exp: ID LP Args RP .

    $default  reduce using rule 54 (Exp)


State 115

   56 Exp: Exp LB Exp RB .

    $default  reduce using rule 56 (Exp)


State 116

   31 Stmt: IF LP Exp RP Stmt .
   32     | IF LP Exp RP Stmt . ELSE Stmt

    ELSE  shift, and go to state 119

    $default  reduce using rule 31 (Stmt)


State 117

   33 Stmt: WHILE LP Exp RP Stmt .

    $default  reduce using rule 33 (Stmt)


State 118

   62 Args: Exp COMMA Args .

    $default  reduce using rule 62 (Args)


State 119

   32 Stmt: IF LP Exp RP Stmt ELSE . Stmt

    error   shift, and go to state 51
    LC      shift, and go to state 26
    RETURN  shift, and go to state 52
    IF      shift, and go to state 53
    WHILE   shift, and go to state 54
    FLOAT   shift, and go to state 55
    INT     shift, and go to state 56
    ID      shift, and go to state 57
    MINUS   shift, and go to state 58
    NOT     shift, and go to state 59
    LP      shift, and go to state 60

    CompSt  go to state 61
    Stmt    go to state 120
    Exp     go to state 64


State 120

   32 Stmt: IF LP Exp RP Stmt ELSE Stmt .

    $default  reduce using rule 32 (Stmt)
